[0.059s] Invoking command in '/home/ubuntu/dai_ws/build/depthai_bridge': CMAKE_PREFIX_PATH=/home/ubuntu/dai_ws/install/depthai_ros_msgs:/home/ubuntu/dai_ws/install/depthai-ros:/home/ubuntu/dai_ws/install/depthai_ros_driver:/home/ubuntu/dai_ws/install/depthai_filters:/home/ubuntu/dai_ws/install/depthai_examples:/home/ubuntu/dai_ws/install/depthai_bridge:/home/ubuntu/dai_ws/install/depthai_descriptions:/home/ubuntu/ws_MSL_YOLO/install/MSL_turtlebot4_startup:/opt/ros/humble LD_LIBRARY_PATH=/home/ubuntu/dai_ws/install/depthai_ros_msgs/lib:/home/ubuntu/dai_ws/install/depthai_ros_driver/lib:/home/ubuntu/dai_ws/install/depthai_filters/lib:/home/ubuntu/dai_ws/install/depthai_bridge/lib:/opt/ros/humble/opt/rviz_ogre_vendor/lib:/opt/ros/humble/lib/aarch64-linux-gnu:/opt/ros/humble/lib /usr/bin/cmake /home/ubuntu/dai_ws/src/depthai-ros/depthai_bridge -DBUILD_SHARED_LIBS=ON -DAMENT_CMAKE_SYMLINK_INSTALL=1 -DCMAKE_INSTALL_PREFIX=/home/ubuntu/dai_ws/install/depthai_bridge
[0.351s] -- The CXX compiler identification is GNU 11.4.0
[0.583s] -- The C compiler identification is GNU 11.4.0
[0.615s] -- Detecting CXX compiler ABI info
[0.958s] -- Detecting CXX compiler ABI info - done
[0.986s] -- Check for working CXX compiler: /usr/bin/c++ - skipped
[0.987s] -- Detecting CXX compile features
[0.988s] -- Detecting CXX compile features - done
[0.999s] -- Detecting C compiler ABI info
[1.309s] -- Detecting C compiler ABI info - done
[1.338s] -- Check for working C compiler: /usr/bin/cc - skipped
[1.338s] -- Detecting C compile features
[1.340s] -- Detecting C compile features - done
[1.398s] -- ------------------------------------------
[1.398s] -- Depthai Bridge is being built using AMENT.
[1.399s] -- ------------------------------------------
[1.428s] -- Found camera_info_manager: 3.1.7 (/opt/ros/humble/share/camera_info_manager/cmake)
[2.287s] -- Found Python3: /usr/bin/python3.10 (found version "3.10.12") found components: Interpreter 
[2.561s] -- Override CMake install command with custom implementation using symlinks instead of copying resources
[3.404s] -- Found rosidl_generator_c: 3.1.5 (/opt/ros/humble/share/rosidl_generator_c/cmake)
[3.460s] -- Found rosidl_adapter: 3.1.5 (/opt/ros/humble/share/rosidl_adapter/cmake)
[3.529s] -- Found rosidl_generator_cpp: 3.1.5 (/opt/ros/humble/share/rosidl_generator_cpp/cmake)
[3.619s] -- Using all available rosidl_typesupport_c: rosidl_typesupport_fastrtps_c;rosidl_typesupport_introspection_c
[3.750s] -- Using all available rosidl_typesupport_cpp: rosidl_typesupport_fastrtps_cpp;rosidl_typesupport_introspection_cpp
[4.244s] -- Found rmw_implementation_cmake: 6.1.1 (/opt/ros/humble/share/rmw_implementation_cmake/cmake)
[4.281s] -- Found rmw_fastrtps_cpp: 6.2.3 (/opt/ros/humble/share/rmw_fastrtps_cpp/cmake)
[4.970s] -- Found OpenSSL: /usr/lib/aarch64-linux-gnu/libcrypto.so (found version "3.0.2")  
[5.194s] -- Found FastRTPS: /opt/ros/humble/include  
[5.572s] -- Using RMW implementation 'rmw_fastrtps_cpp' as default
[5.682s] -- Looking for pthread.h
[6.013s] -- Looking for pthread.h - found
[6.014s] -- Performing Test CMAKE_HAVE_LIBC_PTHREAD
[6.350s] -- Performing Test CMAKE_HAVE_LIBC_PTHREAD - Success
[6.355s] -- Found Threads: TRUE  
[7.840s] -- Found cv_bridge: 3.2.1 (/opt/ros/humble/share/cv_bridge/cmake)
[7.861s] -- Found depthai_ros_msgs: 2.8.0 (/home/ubuntu/dai_ws/install/depthai_ros_msgs/share/depthai_ros_msgs/cmake)
[8.725s] -- Found image_transport: 3.1.7 (/opt/ros/humble/share/image_transport/cmake)
[9.186s] -- Found stereo_msgs: 4.2.3 (/opt/ros/humble/share/stereo_msgs/cmake)
[9.535s] -- Found tf2_ros: 0.25.3 (/opt/ros/humble/share/tf2_ros/cmake)
[11.076s] -- --------------------------humble ---
[11.076s] -- humble
[11.396s] -- Configuring done
[11.502s] -- Generating done
[11.510s] -- Build files have been written to: /home/ubuntu/dai_ws/build/depthai_bridge
[11.553s] Invoked command in '/home/ubuntu/dai_ws/build/depthai_bridge' returned '0': CMAKE_PREFIX_PATH=/home/ubuntu/dai_ws/install/depthai_ros_msgs:/home/ubuntu/dai_ws/install/depthai-ros:/home/ubuntu/dai_ws/install/depthai_ros_driver:/home/ubuntu/dai_ws/install/depthai_filters:/home/ubuntu/dai_ws/install/depthai_examples:/home/ubuntu/dai_ws/install/depthai_bridge:/home/ubuntu/dai_ws/install/depthai_descriptions:/home/ubuntu/ws_MSL_YOLO/install/MSL_turtlebot4_startup:/opt/ros/humble LD_LIBRARY_PATH=/home/ubuntu/dai_ws/install/depthai_ros_msgs/lib:/home/ubuntu/dai_ws/install/depthai_ros_driver/lib:/home/ubuntu/dai_ws/install/depthai_filters/lib:/home/ubuntu/dai_ws/install/depthai_bridge/lib:/opt/ros/humble/opt/rviz_ogre_vendor/lib:/opt/ros/humble/lib/aarch64-linux-gnu:/opt/ros/humble/lib /usr/bin/cmake /home/ubuntu/dai_ws/src/depthai-ros/depthai_bridge -DBUILD_SHARED_LIBS=ON -DAMENT_CMAKE_SYMLINK_INSTALL=1 -DCMAKE_INSTALL_PREFIX=/home/ubuntu/dai_ws/install/depthai_bridge
[11.563s] Invoking command in '/home/ubuntu/dai_ws/build/depthai_bridge': CMAKE_PREFIX_PATH=/home/ubuntu/dai_ws/install/depthai_ros_msgs:/home/ubuntu/dai_ws/install/depthai-ros:/home/ubuntu/dai_ws/install/depthai_ros_driver:/home/ubuntu/dai_ws/install/depthai_filters:/home/ubuntu/dai_ws/install/depthai_examples:/home/ubuntu/dai_ws/install/depthai_bridge:/home/ubuntu/dai_ws/install/depthai_descriptions:/home/ubuntu/ws_MSL_YOLO/install/MSL_turtlebot4_startup:/opt/ros/humble LD_LIBRARY_PATH=/home/ubuntu/dai_ws/install/depthai_ros_msgs/lib:/home/ubuntu/dai_ws/install/depthai_ros_driver/lib:/home/ubuntu/dai_ws/install/depthai_filters/lib:/home/ubuntu/dai_ws/install/depthai_bridge/lib:/opt/ros/humble/opt/rviz_ogre_vendor/lib:/opt/ros/humble/lib/aarch64-linux-gnu:/opt/ros/humble/lib /usr/bin/cmake --build /home/ubuntu/dai_ws/build/depthai_bridge
[11.791s] [ 12%] [32mBuilding CXX object CMakeFiles/depthai_bridge.dir/src/DisparityConverter.cpp.o[0m
[28.278s] [ 25%] [32mBuilding CXX object CMakeFiles/depthai_bridge.dir/src/ImageConverter.cpp.o[0m
[49.275s] [ 37%] [32mBuilding CXX object CMakeFiles/depthai_bridge.dir/src/ImgDetectionConverter.cpp.o[0m
[65.236s] [ 50%] [32mBuilding CXX object CMakeFiles/depthai_bridge.dir/src/ImuConverter.cpp.o[0m
[82.376s] [ 62%] [32mBuilding CXX object CMakeFiles/depthai_bridge.dir/src/SpatialDetectionConverter.cpp.o[0m
[99.929s] [ 75%] [32mBuilding CXX object CMakeFiles/depthai_bridge.dir/src/TFPublisher.cpp.o[0m
[124.116s] [ 87%] [32mBuilding CXX object CMakeFiles/depthai_bridge.dir/src/TrackedFeaturesConverter.cpp.o[0m
[139.908s] [100%] [32m[1mLinking CXX shared library libdepthai_bridge.so[0m
[142.084s] [100%] Built target depthai_bridge
[142.125s] Invoked command in '/home/ubuntu/dai_ws/build/depthai_bridge' returned '0': CMAKE_PREFIX_PATH=/home/ubuntu/dai_ws/install/depthai_ros_msgs:/home/ubuntu/dai_ws/install/depthai-ros:/home/ubuntu/dai_ws/install/depthai_ros_driver:/home/ubuntu/dai_ws/install/depthai_filters:/home/ubuntu/dai_ws/install/depthai_examples:/home/ubuntu/dai_ws/install/depthai_bridge:/home/ubuntu/dai_ws/install/depthai_descriptions:/home/ubuntu/ws_MSL_YOLO/install/MSL_turtlebot4_startup:/opt/ros/humble LD_LIBRARY_PATH=/home/ubuntu/dai_ws/install/depthai_ros_msgs/lib:/home/ubuntu/dai_ws/install/depthai_ros_driver/lib:/home/ubuntu/dai_ws/install/depthai_filters/lib:/home/ubuntu/dai_ws/install/depthai_bridge/lib:/opt/ros/humble/opt/rviz_ogre_vendor/lib:/opt/ros/humble/lib/aarch64-linux-gnu:/opt/ros/humble/lib /usr/bin/cmake --build /home/ubuntu/dai_ws/build/depthai_bridge
[142.398s] Invoking command in '/home/ubuntu/dai_ws/build/depthai_bridge': CMAKE_PREFIX_PATH=/home/ubuntu/dai_ws/install/depthai_ros_msgs:/home/ubuntu/dai_ws/install/depthai-ros:/home/ubuntu/dai_ws/install/depthai_ros_driver:/home/ubuntu/dai_ws/install/depthai_filters:/home/ubuntu/dai_ws/install/depthai_examples:/home/ubuntu/dai_ws/install/depthai_bridge:/home/ubuntu/dai_ws/install/depthai_descriptions:/home/ubuntu/ws_MSL_YOLO/install/MSL_turtlebot4_startup:/opt/ros/humble LD_LIBRARY_PATH=/home/ubuntu/dai_ws/install/depthai_ros_msgs/lib:/home/ubuntu/dai_ws/install/depthai_ros_driver/lib:/home/ubuntu/dai_ws/install/depthai_filters/lib:/home/ubuntu/dai_ws/install/depthai_bridge/lib:/opt/ros/humble/opt/rviz_ogre_vendor/lib:/opt/ros/humble/lib/aarch64-linux-gnu:/opt/ros/humble/lib /usr/bin/cmake --install /home/ubuntu/dai_ws/build/depthai_bridge
[142.427s] -- Install configuration: ""
[142.428s] -- Execute custom install script
[142.430s] -- Symlinking: /home/ubuntu/dai_ws/install/depthai_bridge/share/depthai_bridge/environment/library_path.sh
[142.462s] -- Symlinking: /home/ubuntu/dai_ws/install/depthai_bridge/share/depthai_bridge/environment/library_path.dsv
[142.496s] -- Symlinking: /home/ubuntu/dai_ws/install/depthai_bridge/include//depthai_bridge/BridgePublisher.hpp
[142.528s] -- Symlinking: /home/ubuntu/dai_ws/install/depthai_bridge/include//depthai_bridge/DisparityConverter.hpp
[142.559s] -- Symlinking: /home/ubuntu/dai_ws/install/depthai_bridge/include//depthai_bridge/ImageConverter.hpp
[142.592s] -- Symlinking: /home/ubuntu/dai_ws/install/depthai_bridge/include//depthai_bridge/ImgDetectionConverter.hpp
[142.623s] -- Symlinking: /home/ubuntu/dai_ws/install/depthai_bridge/include//depthai_bridge/ImuConverter.hpp
[142.654s] -- Symlinking: /home/ubuntu/dai_ws/install/depthai_bridge/include//depthai_bridge/SpatialDetectionConverter.hpp
[142.686s] -- Symlinking: /home/ubuntu/dai_ws/install/depthai_bridge/include//depthai_bridge/TFPublisher.hpp
[142.720s] -- Symlinking: /home/ubuntu/dai_ws/install/depthai_bridge/include//depthai_bridge/TrackedFeaturesConverter.hpp
[142.750s] -- Symlinking: /home/ubuntu/dai_ws/install/depthai_bridge/include//depthai_bridge/depthaiUtility.hpp
[142.784s] -- Symlinking: /home/ubuntu/dai_ws/install/depthai_bridge/share/depthai_bridge/rviz/pointCloud.rviz
[142.820s] -- Symlinking: /home/ubuntu/dai_ws/install/depthai_bridge/share/ament_index/resource_index/package_run_dependencies/depthai_bridge
[142.855s] -- Symlinking: /home/ubuntu/dai_ws/install/depthai_bridge/share/ament_index/resource_index/parent_prefix_path/depthai_bridge
[142.887s] -- Symlinking: /home/ubuntu/dai_ws/install/depthai_bridge/share/depthai_bridge/environment/ament_prefix_path.sh
[142.918s] -- Symlinking: /home/ubuntu/dai_ws/install/depthai_bridge/share/depthai_bridge/environment/ament_prefix_path.dsv
[142.950s] -- Symlinking: /home/ubuntu/dai_ws/install/depthai_bridge/share/depthai_bridge/environment/path.sh
[142.982s] -- Symlinking: /home/ubuntu/dai_ws/install/depthai_bridge/share/depthai_bridge/environment/path.dsv
[143.014s] -- Symlinking: /home/ubuntu/dai_ws/install/depthai_bridge/share/depthai_bridge/local_setup.bash
[143.045s] -- Symlinking: /home/ubuntu/dai_ws/install/depthai_bridge/share/depthai_bridge/local_setup.sh
[143.077s] -- Symlinking: /home/ubuntu/dai_ws/install/depthai_bridge/share/depthai_bridge/local_setup.zsh
[143.111s] -- Symlinking: /home/ubuntu/dai_ws/install/depthai_bridge/share/depthai_bridge/local_setup.dsv
[143.142s] -- Symlinking: /home/ubuntu/dai_ws/install/depthai_bridge/share/depthai_bridge/package.dsv
[143.174s] -- Symlinking: /home/ubuntu/dai_ws/install/depthai_bridge/share/ament_index/resource_index/packages/depthai_bridge
[143.206s] -- Symlinking: /home/ubuntu/dai_ws/install/depthai_bridge/share/depthai_bridge/cmake/ament_cmake_export_targets-extras.cmake
[143.239s] -- Symlinking: /home/ubuntu/dai_ws/install/depthai_bridge/share/depthai_bridge/cmake/ament_cmake_export_include_directories-extras.cmake
[143.270s] -- Symlinking: /home/ubuntu/dai_ws/install/depthai_bridge/share/depthai_bridge/cmake/ament_cmake_export_libraries-extras.cmake
[143.301s] -- Symlinking: /home/ubuntu/dai_ws/install/depthai_bridge/share/depthai_bridge/cmake/ament_cmake_export_dependencies-extras.cmake
[143.333s] -- Symlinking: /home/ubuntu/dai_ws/install/depthai_bridge/share/depthai_bridge/cmake/depthai_bridgeConfig.cmake
[143.365s] -- Symlinking: /home/ubuntu/dai_ws/install/depthai_bridge/share/depthai_bridge/cmake/depthai_bridgeConfig-version.cmake
[143.396s] -- Symlinking: /home/ubuntu/dai_ws/install/depthai_bridge/share/depthai_bridge/package.xml
[143.428s] -- Installing: /home/ubuntu/dai_ws/install/depthai_bridge/lib/libdepthai_bridge.so
[143.457s] -- Set runtime path of "/home/ubuntu/dai_ws/install/depthai_bridge/lib/libdepthai_bridge.so" to ""
[143.458s] -- Installing: /home/ubuntu/dai_ws/install/depthai_bridge/share/depthai_bridge/cmake/depthai_bridgeTargets.cmake
[143.459s] -- Installing: /home/ubuntu/dai_ws/install/depthai_bridge/share/depthai_bridge/cmake/depthai_bridgeTargets-noconfig.cmake
[143.460s] -- Installing: /home/ubuntu/dai_ws/install/depthai_bridge/share/depthai_bridge/cmake/depthai_bridgeTargetsExport.cmake
[143.461s] -- Installing: /home/ubuntu/dai_ws/install/depthai_bridge/share/depthai_bridge/cmake/depthai_bridgeTargetsExport-noconfig.cmake
[143.475s] Invoked command in '/home/ubuntu/dai_ws/build/depthai_bridge' returned '0': CMAKE_PREFIX_PATH=/home/ubuntu/dai_ws/install/depthai_ros_msgs:/home/ubuntu/dai_ws/install/depthai-ros:/home/ubuntu/dai_ws/install/depthai_ros_driver:/home/ubuntu/dai_ws/install/depthai_filters:/home/ubuntu/dai_ws/install/depthai_examples:/home/ubuntu/dai_ws/install/depthai_bridge:/home/ubuntu/dai_ws/install/depthai_descriptions:/home/ubuntu/ws_MSL_YOLO/install/MSL_turtlebot4_startup:/opt/ros/humble LD_LIBRARY_PATH=/home/ubuntu/dai_ws/install/depthai_ros_msgs/lib:/home/ubuntu/dai_ws/install/depthai_ros_driver/lib:/home/ubuntu/dai_ws/install/depthai_filters/lib:/home/ubuntu/dai_ws/install/depthai_bridge/lib:/opt/ros/humble/opt/rviz_ogre_vendor/lib:/opt/ros/humble/lib/aarch64-linux-gnu:/opt/ros/humble/lib /usr/bin/cmake --install /home/ubuntu/dai_ws/build/depthai_bridge
