[0.076s] Invoking command in '/home/ubuntu/dai_ws/build/depthai_descriptions': CMAKE_PREFIX_PATH=${CMAKE_PREFIX_PATH}:/home/ubuntu/ws_MSL_YOLO/install/MSL_turtlebot4_startup:/opt/ros/humble /usr/bin/cmake /home/ubuntu/dai_ws/src/depthai-ros/depthai_descriptions -DBUILD_SHARED_LIBS=ON -DAMENT_CMAKE_SYMLINK_INSTALL=1 -DCMAKE_INSTALL_PREFIX=/home/ubuntu/dai_ws/install/depthai_descriptions
[1.112s] -- The C compiler identification is GNU 11.4.0
[1.823s] -- The CXX compiler identification is GNU 11.4.0
[1.868s] -- Detecting C compiler ABI info
[2.232s] -- Detecting C compiler ABI info - done
[2.260s] -- Check for working C compiler: /usr/bin/cc - skipped
[2.262s] -- Detecting C compile features
[2.265s] -- Detecting C compile features - done
[2.280s] -- Detecting CXX compiler ABI info
[2.643s] -- Detecting CXX compiler ABI info - done
[2.670s] -- Check for working CXX compiler: /usr/bin/c++ - skipped
[2.671s] -- Detecting CXX compile features
[2.672s] -- Detecting CXX compile features - done
[2.713s] -- Found ament_cmake: 1.3.5 (/opt/ros/humble/share/ament_cmake/cmake)
[3.599s] -- Found Python3: /usr/bin/python3.10 (found version "3.10.12") found components: Interpreter 
[3.903s] -- Override CMake install command with custom implementation using symlinks instead of copying resources
[4.569s] -- Configuring done
[4.587s] -- Generating done
[4.589s] [33mCMake Warning:
[4.590s]   Manually-specified variables were not used by the project:
[4.590s] 
[4.590s]     BUILD_SHARED_LIBS
[4.591s] 
[4.591s] [0m
[4.592s] -- Build files have been written to: /home/ubuntu/dai_ws/build/depthai_descriptions
[4.604s] Invoked command in '/home/ubuntu/dai_ws/build/depthai_descriptions' returned '0': CMAKE_PREFIX_PATH=${CMAKE_PREFIX_PATH}:/home/ubuntu/ws_MSL_YOLO/install/MSL_turtlebot4_startup:/opt/ros/humble /usr/bin/cmake /home/ubuntu/dai_ws/src/depthai-ros/depthai_descriptions -DBUILD_SHARED_LIBS=ON -DAMENT_CMAKE_SYMLINK_INSTALL=1 -DCMAKE_INSTALL_PREFIX=/home/ubuntu/dai_ws/install/depthai_descriptions
[4.615s] Invoking command in '/home/ubuntu/dai_ws/build/depthai_descriptions': CMAKE_PREFIX_PATH=${CMAKE_PREFIX_PATH}:/home/ubuntu/ws_MSL_YOLO/install/MSL_turtlebot4_startup:/opt/ros/humble /usr/bin/cmake --build /home/ubuntu/dai_ws/build/depthai_descriptions
[4.756s] Invoked command in '/home/ubuntu/dai_ws/build/depthai_descriptions' returned '0': CMAKE_PREFIX_PATH=${CMAKE_PREFIX_PATH}:/home/ubuntu/ws_MSL_YOLO/install/MSL_turtlebot4_startup:/opt/ros/humble /usr/bin/cmake --build /home/ubuntu/dai_ws/build/depthai_descriptions
[4.918s] Invoking command in '/home/ubuntu/dai_ws/build/depthai_descriptions': CMAKE_PREFIX_PATH=${CMAKE_PREFIX_PATH}:/home/ubuntu/ws_MSL_YOLO/install/MSL_turtlebot4_startup:/opt/ros/humble /usr/bin/cmake --install /home/ubuntu/dai_ws/build/depthai_descriptions
[4.946s] -- Install configuration: ""
[4.947s] -- Execute custom install script
[4.951s] -- Symlinking: /home/ubuntu/dai_ws/install/depthai_descriptions/share/depthai_descriptions/urdf/base_descr.urdf.xacro
[4.980s] -- Symlinking: /home/ubuntu/dai_ws/install/depthai_descriptions/share/depthai_descriptions/urdf/depthai_descr.urdf.xacro
[5.010s] -- Symlinking: /home/ubuntu/dai_ws/install/depthai_descriptions/share/depthai_descriptions/urdf/include/base_macro.urdf.xacro
[5.041s] -- Symlinking: /home/ubuntu/dai_ws/install/depthai_descriptions/share/depthai_descriptions/urdf/include/depthai_macro.urdf.xacro
[5.072s] -- Symlinking: /home/ubuntu/dai_ws/install/depthai_descriptions/share/depthai_descriptions/urdf/models/OAK-D-CM4-POE.stl
[5.102s] -- Symlinking: /home/ubuntu/dai_ws/install/depthai_descriptions/share/depthai_descriptions/urdf/models/OAK-D-IOT-75.stl
[5.134s] -- Symlinking: /home/ubuntu/dai_ws/install/depthai_descriptions/share/depthai_descriptions/urdf/models/OAK-D-LITE.stl
[5.165s] -- Symlinking: /home/ubuntu/dai_ws/install/depthai_descriptions/share/depthai_descriptions/urdf/models/OAK-D-POE.stl
[5.197s] -- Symlinking: /home/ubuntu/dai_ws/install/depthai_descriptions/share/depthai_descriptions/urdf/models/OAK-D-PRO-W.stl
[5.228s] -- Symlinking: /home/ubuntu/dai_ws/install/depthai_descriptions/share/depthai_descriptions/urdf/models/OAK-D-PRO.stl
[5.259s] -- Symlinking: /home/ubuntu/dai_ws/install/depthai_descriptions/share/depthai_descriptions/urdf/models/OAK-D-S2.stl
[5.291s] -- Symlinking: /home/ubuntu/dai_ws/install/depthai_descriptions/share/depthai_descriptions/urdf/models/OAK-D.stl
[5.323s] -- Symlinking: /home/ubuntu/dai_ws/install/depthai_descriptions/share/ament_index/resource_index/package_run_dependencies/depthai_descriptions
[5.355s] -- Symlinking: /home/ubuntu/dai_ws/install/depthai_descriptions/share/ament_index/resource_index/parent_prefix_path/depthai_descriptions
[5.386s] -- Symlinking: /home/ubuntu/dai_ws/install/depthai_descriptions/share/depthai_descriptions/environment/ament_prefix_path.sh
[5.420s] -- Symlinking: /home/ubuntu/dai_ws/install/depthai_descriptions/share/depthai_descriptions/environment/ament_prefix_path.dsv
[5.451s] -- Symlinking: /home/ubuntu/dai_ws/install/depthai_descriptions/share/depthai_descriptions/environment/path.sh
[5.481s] -- Symlinking: /home/ubuntu/dai_ws/install/depthai_descriptions/share/depthai_descriptions/environment/path.dsv
[5.513s] -- Symlinking: /home/ubuntu/dai_ws/install/depthai_descriptions/share/depthai_descriptions/local_setup.bash
[5.544s] -- Symlinking: /home/ubuntu/dai_ws/install/depthai_descriptions/share/depthai_descriptions/local_setup.sh
[5.575s] -- Symlinking: /home/ubuntu/dai_ws/install/depthai_descriptions/share/depthai_descriptions/local_setup.zsh
[5.608s] -- Symlinking: /home/ubuntu/dai_ws/install/depthai_descriptions/share/depthai_descriptions/local_setup.dsv
[5.641s] -- Symlinking: /home/ubuntu/dai_ws/install/depthai_descriptions/share/depthai_descriptions/package.dsv
[5.672s] -- Symlinking: /home/ubuntu/dai_ws/install/depthai_descriptions/share/ament_index/resource_index/packages/depthai_descriptions
[5.704s] -- Symlinking: /home/ubuntu/dai_ws/install/depthai_descriptions/share/depthai_descriptions/cmake/depthai_descriptionsConfig.cmake
[5.735s] -- Symlinking: /home/ubuntu/dai_ws/install/depthai_descriptions/share/depthai_descriptions/cmake/depthai_descriptionsConfig-version.cmake
[5.767s] -- Symlinking: /home/ubuntu/dai_ws/install/depthai_descriptions/share/depthai_descriptions/package.xml
[5.798s] -- Installing: /home/ubuntu/dai_ws/install/depthai_descriptions/share/depthai_descriptions/launch
[5.799s] -- Installing: /home/ubuntu/dai_ws/install/depthai_descriptions/share/depthai_descriptions/launch/urdf_launch.py
[5.807s] Invoked command in '/home/ubuntu/dai_ws/build/depthai_descriptions' returned '0': CMAKE_PREFIX_PATH=${CMAKE_PREFIX_PATH}:/home/ubuntu/ws_MSL_YOLO/install/MSL_turtlebot4_startup:/opt/ros/humble /usr/bin/cmake --install /home/ubuntu/dai_ws/build/depthai_descriptions
